SF:lib/features/product/presentation/bloc/product_event.dart
DA:9,1
DA:15,0
DA:22,0
DA:28,0
DA:35,0
LF:5
LH:1
end_of_record
SF:lib/features/product/presentation/bloc/product_state.dart
DA:6,1
DA:7,1
DA:18,1
DA:20,1
DA:21,3
DA:27,1
DA:29,1
DA:30,2
DA:39,0
DA:41,0
DA:42,0
DA:49,0
DA:50,0
DA:52,0
DA:53,0
DA:60,0
DA:62,0
DA:63,0
LF:18
LH:8
end_of_record
SF:lib/features/product/presentation/bloc/product_bloc.dart
DA:24,1
DA:29,2
DA:30,2
DA:31,2
DA:32,2
DA:33,2
DA:34,2
DA:37,1
DA:38,2
DA:40,2
DA:41,2
DA:42,3
DA:45,1
DA:46,4
DA:47,1
DA:49,0
DA:50,0
DA:51,0
DA:53,0
DA:54,0
DA:56,0
DA:60,2
DA:61,1
DA:62,0
DA:64,3
DA:72,0
DA:73,0
DA:74,0
DA:78,0
DA:80,0
DA:83,0
DA:86,0
DA:87,0
DA:88,0
DA:92,0
DA:93,0
DA:95,0
DA:99,0
DA:103,0
DA:104,0
DA:105,0
DA:108,0
DA:109,0
LF:43
LH:18
end_of_record
SF:lib/features/product/domain/usecases/get_all_products.dart
DA:14,0
DA:16,0
DA:18,0
DA:26,1
LF:4
LH:1
end_of_record
SF:lib/core/network/connection_checker.dart
DA:9,0
DA:11,0
DA:13,0
LF:3
LH:0
end_of_record
SF:lib/features/product/domain/entities/pagination_model.dart
DA:8,2
LF:1
LH:1
end_of_record
SF:lib/features/product/domain/entities/product.dart
DA:10,2
DA:20,0
DA:21,0
DA:22,0
DA:23,0
DA:24,0
DA:25,0
DA:26,0
DA:27,0
DA:32,0
DA:33,0
DA:34,0
DA:35,0
DA:36,0
DA:37,0
DA:38,0
DA:39,0
LF:17
LH:1
end_of_record
SF:lib/core/error/failures.dart
DA:3,2
LF:1
LH:1
end_of_record
SF:lib/core/common/cubits/user_status/app_user_cubit.dart
DA:13,0
DA:14,0
DA:17,0
DA:19,0
DA:20,0
DA:21,0
DA:22,0
DA:23,0
DA:29,0
DA:31,0
DA:32,0
LF:11
LH:0
end_of_record
SF:lib/core/utils/exention.dart
DA:2,0
DA:3,0
DA:4,0
LF:3
LH:0
end_of_record
SF:lib/features/product/domain/entities/card_item_model.dart
DA:9,0
LF:1
LH:0
end_of_record
SF:lib/features/product/data/datasources/product_local_data_source.dart
DA:12,0
DA:14,0
DA:16,0
DA:17,0
DA:18,0
DA:19,0
DA:22,0
DA:23,0
DA:28,0
DA:30,0
DA:31,0
DA:32,0
DA:33,0
DA:36,0
DA:37,0
LF:15
LH:0
end_of_record
SF:lib/features/product/data/datasources/product_remote_data_source.dart
DA:18,0
DA:20,0
DA:23,0
DA:26,0
DA:29,0
DA:32,0
DA:34,0
DA:37,0
DA:38,0
DA:39,0
DA:42,0
DA:47,0
LF:12
LH:0
end_of_record
SF:lib/features/product/data/models/product_model.dart
DA:8,1
DA:16,1
DA:26,0
DA:28,0
DA:31,0
DA:34,0
DA:36,0
DA:37,0
DA:38,0
DA:39,0
DA:40,0
DA:41,0
DA:42,0
DA:48,0
DA:49,0
DA:50,0
DA:51,0
DA:52,0
DA:53,0
DA:54,0
DA:55,0
DA:60,0
DA:61,0
DA:62,0
DA:63,0
DA:64,0
DA:65,0
DA:66,0
DA:67,0
LF:29
LH:2
end_of_record
SF:lib/features/product/data/repositories/product_repository_impl.dart
DA:20,1
DA:26,1
DA:31,2
DA:32,2
DA:33,2
DA:39,2
DA:42,4
DA:43,1
DA:44,1
DA:45,1
DA:46,1
DA:47,1
DA:48,1
DA:49,1
DA:51,2
DA:53,1
DA:56,1
DA:57,3
LF:18
LH:18
end_of_record
SF:lib/core/error/exceptions.dart
DA:3,1
DA:9,0
LF:2
LH:1
end_of_record
SF:lib/core/common/widgets/add_to_cart.dart
DA:12,0
DA:15,0
DA:17,0
DA:19,0
DA:20,0
DA:21,0
DA:22,0
DA:23,0
DA:24,0
DA:26,0
DA:28,0
DA:29,0
DA:30,0
DA:32,0
DA:33,0
LF:15
LH:0
end_of_record
SF:lib/core/utils/colour_extention.dart
DA:4,0
DA:5,0
DA:6,0
DA:7,0
DA:8,0
DA:9,0
DA:11,0
LF:7
LH:0
end_of_record
SF:lib/core/common/widgets/cart_icon_with_count.dart
DA:8,0
DA:10,0
DA:12,0
DA:13,0
DA:14,0
DA:17,0
DA:19,0
DA:23,0
DA:25,0
DA:26,0
DA:27,0
DA:31,0
DA:35,0
DA:36,0
DA:39,0
DA:41,0
DA:43,0
DA:49,0
DA:50,0
LF:19
LH:0
end_of_record
SF:lib/core/common/widgets/description.dart
DA:9,0
DA:12,0
DA:14,0
DA:16,0
DA:17,0
LF:5
LH:0
end_of_record
SF:lib/core/common/widgets/item_card.dart
DA:10,0
DA:15,0
DA:17,0
DA:18,0
DA:19,0
DA:21,0
DA:22,0
DA:23,0
DA:25,0
DA:26,0
DA:27,0
DA:29,0
DA:32,0
DA:35,0
DA:37,0
DA:39,0
DA:43,0
DA:44,0
LF:18
LH:0
end_of_record
SF:lib/core/common/widgets/product_with_image.dart
DA:9,0
DA:12,0
DA:14,0
DA:16,0
DA:18,0
DA:19,0
DA:20,0
DA:23,0
DA:24,0
DA:25,0
DA:29,0
DA:30,0
DA:31,0
DA:32,0
DA:33,0
DA:35,0
DA:36,0
DA:37,0
DA:38,0
DA:39,0
DA:40,0
DA:46,0
DA:47,0
DA:48,0
DA:49,0
DA:50,0
LF:26
LH:0
end_of_record
SF:lib/core/common/widgets/user_status.dart
DA:6,0
DA:8,0
DA:10,0
DA:11,0
DA:12,0
DA:13,0
DA:14,0
DA:15,0
DA:16,0
DA:17,0
DA:19,0
DA:25,0
DA:26,0
DA:30,0
DA:33,0
LF:15
LH:0
end_of_record
SF:lib/features/product/presentation/pages/product_detail_page.dart
DA:16,0
DA:20,0
DA:22,0
DA:25,0
DA:28,0
DA:29,0
DA:30,0
DA:31,0
DA:33,0
DA:34,0
DA:38,0
DA:40,0
DA:41,0
DA:45,0
DA:46,0
DA:47,0
DA:48,0
DA:49,0
DA:50,0
DA:51,0
DA:52,0
DA:53,0
DA:54,0
DA:55,0
DA:66,0
DA:67,0
DA:69,0
DA:71,0
DA:72,0
DA:73,0
DA:74,0
DA:75,0
DA:76,0
DA:79,0
DA:80,0
DA:81,0
DA:84,0
DA:85,0
DA:87,0
DA:88,0
DA:91,0
DA:92,0
DA:93,0
DA:99,0
DA:101,0
DA:102,0
DA:103,0
DA:108,0
DA:111,0
DA:112,0
DA:114,0
DA:115,0
DA:118,0
DA:119,0
DA:129,0
DA:130,0
DA:131,0
DA:132,0
DA:138,0
DA:139,0
DA:140,0
DA:141,0
DA:145,0
LF:63
LH:0
end_of_record
SF:lib/features/product/presentation/pages/product_home.dart
DA:13,1
DA:15,1
DA:16,1
DA:26,1
DA:28,1
DA:29,2
DA:30,0
DA:33,0
DA:34,0
DA:36,2
DA:39,0
DA:41,0
DA:42,0
DA:43,0
DA:46,0
DA:48,0
DA:56,0
DA:57,0
DA:61,0
DA:64,0
DA:66,0
DA:68,0
DA:69,0
DA:70,0
DA:71,0
DA:72,0
DA:74,0
DA:76,0
DA:78,0
DA:79,0
DA:81,0
DA:82,0
DA:83,0
DA:86,0
DA:87,0
DA:94,0
DA:95,0
DA:97,0
DA:98,0
DA:100,0
DA:102,0
DA:103,0
DA:105,0
DA:113,0
DA:114,0
DA:116,0
DA:119,0
DA:120,0
DA:121,0
DA:123,0
DA:124,0
DA:125,0
DA:126,0
DA:130,0
DA:131,0
DA:132,0
DA:135,0
DA:136,0
DA:137,0
DA:138,0
LF:60
LH:7
end_of_record
SF:lib/init_dependencies.main.dart
DA:3,0
DA:5,0
DA:6,0
DA:7,0
DA:10,0
DA:11,0
DA:14,0
DA:15,0
DA:17,0
DA:20,0
DA:21,0
DA:25,0
DA:26,0
DA:31,0
DA:33,0
DA:34,0
DA:35,0
DA:36,0
DA:37,0
DA:40,0
DA:41,0
DA:45,0
DA:46,0
DA:47,0
DA:48,0
DA:49,0
DA:54,0
DA:55,0
DA:56,0
DA:66,0
DA:67,0
DA:68,0
DA:69,0
DA:74,0
DA:75,0
LF:35
LH:0
end_of_record
SF:lib/main.dart
DA:11,0
DA:12,0
DA:13,0
DA:14,0
DA:15,0
DA:16,0
DA:17,0
DA:19,0
DA:21,0
DA:29,3
DA:31,1
DA:33,1
DA:36,1
LF:13
LH:4
end_of_record
